2020-06-06 13:54:05,292 [INFO] Activator:176 - 


2020-06-06 13:54:05,292 [INFO] Activator:177 - !SESSION log4j initialized
2020-06-06 13:54:11,026 [INFO] ApplicationProperties:181 - Using Application install path: C:\ST\STM32CubeIDE_1.3.0\STM32CubeIDE\plugins\com.st.stm32cube.common.mx_5.6.1.202004052303
2020-06-06 13:54:11,042 [INFO] DbMcusXml:72 - Set database path to: C:\ST\STM32CubeIDE_1.3.0\STM32CubeIDE\plugins\com.st.stm32cube.common.mx_5.6.1.202004052303\\db\/mcu/
2020-06-06 13:54:11,042 [INFO] DbBoardsPdsc:54 - Set plugin database path to: C:\ST\STM32CubeIDE_1.3.0\STM32CubeIDE\plugins\com.st.stm32cube.common.mx_5.6.1.202004052303\\db\/plugins/boardmanager/
2020-06-06 13:54:11,042 [INFO] DbMcus:235 - Set plugin images path to: C:\ST\STM32CubeIDE_1.3.0\STM32CubeIDE\plugins\com.st.stm32cube.common.mx_5.6.1.202004052303\\db\/plugins/mcufinder/images/
2020-06-06 13:54:11,042 [INFO] DbBoards:232 - Set plugin images path to: C:\ST\STM32CubeIDE_1.3.0\STM32CubeIDE\plugins\com.st.stm32cube.common.mx_5.6.1.202004052303\\db\/plugins/mcufinder/images/
2020-06-06 13:54:11,042 [INFO] DbMcusAds:85 - Set database path to: C:\Users\amirz\.stmcufinder\plugins\mcufinder//mcu/
2020-06-06 13:54:11,042 [INFO] DbMcusDocs:108 - Set database path to: C:\Users\amirz\.stmcufinder\plugins\mcufinder//mcu/
2020-06-06 13:54:11,057 [INFO] DbMcusJson:61 - Set database path to: C:\Users\amirz\.stmcufinder\plugins\mcufinder//mcu/
2020-06-06 13:54:11,057 [INFO] DbBoardsDocs:97 - Set database path to: C:\Users\amirz\.stmcufinder\plugins\mcufinder//mcu/
2020-06-06 13:54:11,057 [INFO] DbBoardsJson:51 - Set database path to: C:\Users\amirz\.stmcufinder\plugins\mcufinder//mcu/
2020-06-06 13:54:12,097 [INFO] CrossReferenceDbSqlite:197 - Set database path to: C:\Users\amirz\.stmcufinder\plugins\mcufinder//mcu/cs/
2020-06-06 13:54:12,229 [INFO] RulesReader:52 - Compatibility file has been processed (208 Rules)
2020-06-06 13:54:12,329 [INFO] MicroXplorer:570 - Detected Java Version = 1.8.0_242
2020-06-06 13:54:12,329 [INFO] DbMcusXml:72 - Set database path to: C:\ST\STM32CubeIDE_1.3.0\STM32CubeIDE\plugins\com.st.stm32cube.common.mx_5.6.1.202004052303\\db\/mcu/
2020-06-06 13:54:12,329 [INFO] DbBoardsPdsc:54 - Set plugin database path to: C:\ST\STM32CubeIDE_1.3.0\STM32CubeIDE\plugins\com.st.stm32cube.common.mx_5.6.1.202004052303\\db\/plugins/boardmanager/
2020-06-06 13:54:12,329 [INFO] DbMcus:235 - Set plugin images path to: C:\ST\STM32CubeIDE_1.3.0\STM32CubeIDE\plugins\com.st.stm32cube.common.mx_5.6.1.202004052303\\db\/plugins/mcufinder/images/
2020-06-06 13:54:12,329 [INFO] DbBoards:232 - Set plugin images path to: C:\ST\STM32CubeIDE_1.3.0\STM32CubeIDE\plugins\com.st.stm32cube.common.mx_5.6.1.202004052303\\db\/plugins/mcufinder/images/
2020-06-06 13:54:12,329 [WARN] DbFile:36 - Overriding database path with different value: C:\Users\amirz\.stmcufinder\plugins\mcufinder/ => C:\Users\amirz\.stmcufinder\plugins\mcufinder
2020-06-06 13:54:12,329 [INFO] DbMcusAds:85 - Set database path to: C:\Users\amirz\.stmcufinder\plugins\mcufinder//mcu/
2020-06-06 13:54:12,329 [WARN] DbFile:36 - Overriding database path with different value: C:\Users\amirz\.stmcufinder\plugins\mcufinder/ => C:\Users\amirz\.stmcufinder\plugins\mcufinder
2020-06-06 13:54:12,329 [INFO] DbMcusDocs:108 - Set database path to: C:\Users\amirz\.stmcufinder\plugins\mcufinder//mcu/
2020-06-06 13:54:12,329 [WARN] DbFile:36 - Overriding database path with different value: C:\Users\amirz\.stmcufinder\plugins\mcufinder/ => C:\Users\amirz\.stmcufinder\plugins\mcufinder
2020-06-06 13:54:12,329 [INFO] DbMcusJson:61 - Set database path to: C:\Users\amirz\.stmcufinder\plugins\mcufinder//mcu/
2020-06-06 13:54:12,329 [WARN] DbFile:36 - Overriding database path with different value: C:\Users\amirz\.stmcufinder\plugins\mcufinder/ => C:\Users\amirz\.stmcufinder\plugins\mcufinder
2020-06-06 13:54:12,329 [INFO] DbBoardsDocs:97 - Set database path to: C:\Users\amirz\.stmcufinder\plugins\mcufinder//mcu/
2020-06-06 13:54:12,329 [WARN] DbFile:36 - Overriding database path with different value: C:\Users\amirz\.stmcufinder\plugins\mcufinder/ => C:\Users\amirz\.stmcufinder\plugins\mcufinder
2020-06-06 13:54:12,329 [INFO] DbBoardsJson:51 - Set database path to: C:\Users\amirz\.stmcufinder\plugins\mcufinder//mcu/
2020-06-06 13:54:12,329 [WARN] DbFile:36 - Overriding database path with different value: C:\Users\amirz\.stmcufinder\plugins\mcufinder/ => C:\Users\amirz\.stmcufinder\plugins\mcufinder
2020-06-06 13:54:12,329 [WARN] DbFile:36 - Overriding database path with different value: C:\Users\amirz\.stmcufinder\plugins\mcufinder/ => C:\Users\amirz\.stmcufinder\plugins\mcufinder
2020-06-06 13:54:13,096 [INFO] CrossReferenceDbSqlite:197 - Set database path to: C:\Users\amirz\.stmcufinder\plugins\mcufinder//mcu/cs/
2020-06-06 13:54:13,167 [INFO] MainPanel:181 - HeapMemory: 303038464
2020-06-06 13:54:13,252 [INFO] DbMcusXml:72 - Set database path to: C:\ST\STM32CubeIDE_1.3.0\STM32CubeIDE\plugins\com.st.stm32cube.common.mx_5.6.1.202004052303\\db\/mcu/
2020-06-06 13:54:13,252 [INFO] DbBoardsPdsc:54 - Set plugin database path to: C:\ST\STM32CubeIDE_1.3.0\STM32CubeIDE\plugins\com.st.stm32cube.common.mx_5.6.1.202004052303\\db\/plugins/boardmanager/
2020-06-06 13:54:13,252 [INFO] DbMcus:235 - Set plugin images path to: C:\ST\STM32CubeIDE_1.3.0\STM32CubeIDE\plugins\com.st.stm32cube.common.mx_5.6.1.202004052303\\db\/plugins/mcufinder/images/
2020-06-06 13:54:13,252 [INFO] DbBoards:232 - Set plugin images path to: C:\ST\STM32CubeIDE_1.3.0\STM32CubeIDE\plugins\com.st.stm32cube.common.mx_5.6.1.202004052303\\db\/plugins/mcufinder/images/
2020-06-06 13:54:13,252 [WARN] DbFile:36 - Overriding database path with different value: C:\Users\amirz\.stmcufinder\plugins\mcufinder/ => C:\Users\amirz\.stmcufinder\plugins\mcufinder
2020-06-06 13:54:13,252 [INFO] DbMcusAds:85 - Set database path to: C:\Users\amirz\.stmcufinder\plugins\mcufinder//mcu/
2020-06-06 13:54:13,252 [WARN] DbFile:36 - Overriding database path with different value: C:\Users\amirz\.stmcufinder\plugins\mcufinder/ => C:\Users\amirz\.stmcufinder\plugins\mcufinder
2020-06-06 13:54:13,252 [INFO] DbMcusDocs:108 - Set database path to: C:\Users\amirz\.stmcufinder\plugins\mcufinder//mcu/
2020-06-06 13:54:13,252 [WARN] DbFile:36 - Overriding database path with different value: C:\Users\amirz\.stmcufinder\plugins\mcufinder/ => C:\Users\amirz\.stmcufinder\plugins\mcufinder
2020-06-06 13:54:13,252 [INFO] DbMcusJson:61 - Set database path to: C:\Users\amirz\.stmcufinder\plugins\mcufinder//mcu/
2020-06-06 13:54:13,252 [WARN] DbFile:36 - Overriding database path with different value: C:\Users\amirz\.stmcufinder\plugins\mcufinder/ => C:\Users\amirz\.stmcufinder\plugins\mcufinder
2020-06-06 13:54:13,252 [INFO] DbBoardsDocs:97 - Set database path to: C:\Users\amirz\.stmcufinder\plugins\mcufinder//mcu/
2020-06-06 13:54:13,252 [WARN] DbFile:36 - Overriding database path with different value: C:\Users\amirz\.stmcufinder\plugins\mcufinder/ => C:\Users\amirz\.stmcufinder\plugins\mcufinder
2020-06-06 13:54:13,252 [INFO] DbBoardsJson:51 - Set database path to: C:\Users\amirz\.stmcufinder\plugins\mcufinder//mcu/
2020-06-06 13:54:13,252 [WARN] DbFile:36 - Overriding database path with different value: C:\Users\amirz\.stmcufinder\plugins\mcufinder/ => C:\Users\amirz\.stmcufinder\plugins\mcufinder
2020-06-06 13:54:13,252 [WARN] DbFile:36 - Overriding database path with different value: C:\Users\amirz\.stmcufinder\plugins\mcufinder/ => C:\Users\amirz\.stmcufinder\plugins\mcufinder
2020-06-06 13:54:14,100 [INFO] CrossReferenceDbSqlite:197 - Set database path to: C:\Users\amirz\.stmcufinder\plugins\mcufinder//mcu/cs/
2020-06-06 13:54:14,116 [INFO] ApplicationProperties:181 - Using Application install path: C:\ST\STM32CubeIDE_1.3.0\STM32CubeIDE\plugins\com.st.stm32cube.common.mx_5.6.1.202004052303
2020-06-06 13:54:14,116 [INFO] PluginManage:178 - Search for loadable plugins [exclusion list=, tutovideos]
2020-06-06 13:54:14,116 [INFO] PluginManage:292 - Check plugin analytics
2020-06-06 13:54:14,116 [INFO] PluginManage:342 - Loaded plugin analytics (category:tool,tabindex:-1)
2020-06-06 13:54:14,116 [INFO] PluginManage:292 - Check plugin clock
2020-06-06 13:54:14,138 [INFO] PluginManage:342 - Loaded plugin clock (category:base,tabindex:2)
2020-06-06 13:54:14,138 [INFO] PluginManage:292 - Check plugin ddr
2020-06-06 13:54:14,140 [INFO] PluginManage:342 - Loaded plugin ddr (category:tool,tabindex:6)
2020-06-06 13:54:14,140 [INFO] PluginManage:292 - Check plugin filemanager
2020-06-06 13:54:14,246 [INFO] PluginManage:342 - Loaded plugin filemanager (category:base,tabindex:10)
2020-06-06 13:54:14,246 [INFO] PluginManage:292 - Check plugin ipmanager
2020-06-06 13:54:14,262 [INFO] PluginManage:342 - Loaded plugin ipmanager (category:base,tabindex:5)
2020-06-06 13:54:14,262 [INFO] PluginManage:292 - Check plugin pinoutandconfiguration
2020-06-06 13:54:14,268 [INFO] PluginManage:342 - Loaded plugin pinoutandconfiguration (category:base,tabindex:1)
2020-06-06 13:54:14,268 [INFO] PluginManage:292 - Check plugin pinoutconfig
2020-06-06 13:54:14,284 [INFO] PluginManage:342 - Loaded plugin pinoutconfig (category:base,tabindex:0)
2020-06-06 13:54:14,284 [INFO] PluginManage:292 - Check plugin power
2020-06-06 13:54:14,300 [INFO] PluginManage:342 - Loaded plugin power (category:power,tabindex:4)
2020-06-06 13:54:14,300 [INFO] PluginManage:292 - Check plugin projectmanager
2020-06-06 13:54:14,315 [INFO] PluginManage:342 - Loaded plugin projectmanager (category:projectmanager,tabindex:3)
2020-06-06 13:54:14,315 [INFO] PluginManage:292 - Check plugin thirdparty
2020-06-06 13:54:14,400 [INFO] ThirdPartyDb:295 - Open Third Party DataBase File (C:/Users/amirz/.stm32cubemx/plugins/thirdparty/db/thirdparties_db.xml) : 31 ms. number of Sw pack : 12
2020-06-06 13:54:14,416 [INFO] PluginManage:342 - Loaded plugin thirdparty (category:base,tabindex:-1)
2020-06-06 13:54:14,416 [INFO] PluginManage:292 - Check plugin tools
2020-06-06 13:54:14,416 [INFO] PluginManage:342 - Loaded plugin tools (category:base,tabindex:7)
2020-06-06 13:54:14,416 [INFO] PluginManage:292 - Check plugin tutovideos
2020-06-06 13:54:14,536 [INFO] PluginManage:347 - Ignore plugin tutovideos (category:base)
2020-06-06 13:54:14,536 [INFO] PluginManage:292 - Check plugin updater
2020-06-06 13:54:14,536 [INFO] PluginManage:342 - Loaded plugin updater (category:base,tabindex:12)
2020-06-06 13:54:14,536 [INFO] PluginManage:265 - PluginManage : Loaded plugins [12]
2020-06-06 13:54:14,721 [INFO] PinOutPanel:1420 - setPackage(No Configuration,No Configuration)
2020-06-06 13:54:14,805 [INFO] IPUIPlugin:65 - create IPUIPlugin
2020-06-06 13:54:14,805 [INFO] PluginManager:200 - loadIPPluginJar : add adc
2020-06-06 13:54:14,805 [INFO] IPUIPlugin:65 - create IPUIPlugin
2020-06-06 13:54:14,805 [INFO] PluginManager:200 - loadIPPluginJar : add aes
2020-06-06 13:54:14,805 [INFO] IPUIPlugin:65 - create IPUIPlugin
2020-06-06 13:54:14,805 [INFO] PluginManager:200 - loadIPPluginJar : add can
2020-06-06 13:54:14,805 [INFO] IPUIPlugin:65 - create IPUIPlugin
2020-06-06 13:54:14,805 [INFO] PluginManager:200 - loadIPPluginJar : add comp
2020-06-06 13:54:14,821 [INFO] IPUIPlugin:65 - create IPUIPlugin
2020-06-06 13:54:14,821 [INFO] PluginManager:200 - loadIPPluginJar : add cryp
2020-06-06 13:54:14,821 [INFO] IPUIPlugin:65 - create IPUIPlugin
2020-06-06 13:54:14,821 [INFO] PluginManager:200 - loadIPPluginJar : add dfsdm
2020-06-06 13:54:14,821 [INFO] IPUIPlugin:65 - create IPUIPlugin
2020-06-06 13:54:14,821 [INFO] PluginManager:200 - loadIPPluginJar : add dma
2020-06-06 13:54:14,821 [INFO] IPUIPlugin:65 - create IPUIPlugin
2020-06-06 13:54:14,821 [INFO] PluginManager:200 - loadIPPluginJar : add fatfs
2020-06-06 13:54:14,821 [INFO] IPUIPlugin:65 - create IPUIPlugin
2020-06-06 13:54:14,821 [INFO] PluginManager:200 - loadIPPluginJar : add fmc
2020-06-06 13:54:14,837 [INFO] IPUIPlugin:65 - create IPUIPlugin
2020-06-06 13:54:14,837 [INFO] PluginManager:200 - loadIPPluginJar : add freertos
2020-06-06 13:54:14,837 [INFO] IPUIPlugin:65 - create IPUIPlugin
2020-06-06 13:54:14,837 [INFO] PluginManager:200 - loadIPPluginJar : add genericplugin
2020-06-06 13:54:14,837 [INFO] IPUIPlugin:65 - create IPUIPlugin
2020-06-06 13:54:14,837 [INFO] PluginManager:200 - loadIPPluginJar : add gfxmmu
2020-06-06 13:54:14,837 [INFO] IPUIPlugin:65 - create IPUIPlugin
2020-06-06 13:54:14,837 [INFO] PluginManager:200 - loadIPPluginJar : add gic
2020-06-06 13:54:14,837 [INFO] IPUIPlugin:65 - create IPUIPlugin
2020-06-06 13:54:14,852 [INFO] PluginManager:200 - loadIPPluginJar : add gpio
2020-06-06 13:54:14,852 [INFO] IPUIPlugin:65 - create IPUIPlugin
2020-06-06 13:54:14,852 [INFO] PluginManager:200 - loadIPPluginJar : add gtzc
2020-06-06 13:54:14,852 [INFO] IPUIPlugin:65 - create IPUIPlugin
2020-06-06 13:54:14,852 [INFO] PluginManager:200 - loadIPPluginJar : add hash
2020-06-06 13:54:14,852 [INFO] IPUIPlugin:65 - create IPUIPlugin
2020-06-06 13:54:14,852 [INFO] PluginManager:200 - loadIPPluginJar : add i2c
2020-06-06 13:54:14,852 [INFO] IPUIPlugin:65 - create IPUIPlugin
2020-06-06 13:54:14,852 [INFO] PluginManager:200 - loadIPPluginJar : add i2s
2020-06-06 13:54:15,006 [INFO] IPUIPlugin:65 - create IPUIPlugin
2020-06-06 13:54:15,006 [INFO] PluginManager:200 - loadIPPluginJar : add ipddr
2020-06-06 13:54:15,006 [INFO] IPUIPlugin:65 - create IPUIPlugin
2020-06-06 13:54:15,006 [INFO] PluginManager:200 - loadIPPluginJar : add ltdc
2020-06-06 13:54:15,006 [INFO] IPUIPlugin:65 - create IPUIPlugin
2020-06-06 13:54:15,006 [INFO] PluginManager:200 - loadIPPluginJar : add mdma
2020-06-06 13:54:15,006 [INFO] IPUIPlugin:65 - create IPUIPlugin
2020-06-06 13:54:15,006 [INFO] PluginManager:200 - loadIPPluginJar : add nvic
2020-06-06 13:54:15,006 [INFO] IPUIPlugin:65 - create IPUIPlugin
2020-06-06 13:54:15,006 [INFO] PluginManager:200 - loadIPPluginJar : add opamp
2020-06-06 13:54:15,006 [INFO] IPUIPlugin:65 - create IPUIPlugin
2020-06-06 13:54:15,006 [INFO] PluginManager:200 - loadIPPluginJar : add pdm2pcm
2020-06-06 13:54:15,022 [INFO] IPUIPlugin:65 - create IPUIPlugin
2020-06-06 13:54:15,022 [INFO] PluginManager:200 - loadIPPluginJar : add plateformsettings
2020-06-06 13:54:15,022 [INFO] IPUIPlugin:65 - create IPUIPlugin
2020-06-06 13:54:15,022 [INFO] PluginManager:200 - loadIPPluginJar : add quadspi
2020-06-06 13:54:15,022 [INFO] IPUIPlugin:65 - create IPUIPlugin
2020-06-06 13:54:15,022 [INFO] PluginManager:200 - loadIPPluginJar : add resmgrutility
2020-06-06 13:54:15,022 [INFO] IPUIPlugin:65 - create IPUIPlugin
2020-06-06 13:54:15,022 [INFO] PluginManager:200 - loadIPPluginJar : add sai
2020-06-06 13:54:15,037 [INFO] IPUIPlugin:65 - create IPUIPlugin
2020-06-06 13:54:15,037 [INFO] PluginManager:200 - loadIPPluginJar : add spi
2020-06-06 13:54:15,037 [INFO] IPUIPlugin:65 - create IPUIPlugin
2020-06-06 13:54:15,037 [INFO] PluginManager:200 - loadIPPluginJar : add stm32_wpan
2020-06-06 13:54:15,037 [INFO] IPUIPlugin:65 - create IPUIPlugin
2020-06-06 13:54:15,037 [INFO] PluginManager:200 - loadIPPluginJar : add tim
2020-06-06 13:54:15,037 [INFO] IPUIPlugin:65 - create IPUIPlugin
2020-06-06 13:54:15,037 [INFO] PluginManager:200 - loadIPPluginJar : add touchsensing
2020-06-06 13:54:15,037 [INFO] IPUIPlugin:65 - create IPUIPlugin
2020-06-06 13:54:15,037 [INFO] PluginManager:200 - loadIPPluginJar : add tracer_emb
2020-06-06 13:54:15,037 [INFO] IPUIPlugin:65 - create IPUIPlugin
2020-06-06 13:54:15,037 [INFO] PluginManager:200 - loadIPPluginJar : add ts
2020-06-06 13:54:15,037 [INFO] IPUIPlugin:65 - create IPUIPlugin
2020-06-06 13:54:15,037 [INFO] PluginManager:200 - loadIPPluginJar : add tsc
2020-06-06 13:54:15,053 [INFO] IPUIPlugin:65 - create IPUIPlugin
2020-06-06 13:54:15,053 [INFO] PluginManager:200 - loadIPPluginJar : add ucpd
2020-06-06 13:54:15,053 [INFO] IPUIPlugin:65 - create IPUIPlugin
2020-06-06 13:54:15,053 [INFO] PluginManager:200 - loadIPPluginJar : add usart
2020-06-06 13:54:15,539 [INFO] BoardConnectionPanel:3472 - [DDR PANEL] STM32CubeIDE environment
2020-06-06 13:54:15,539 [INFO] MainDdrPanel:103 - [DDR PANEL] GETTER - cubeProgrammerPath is: null
2020-06-06 13:54:15,754 [FATAL] Updater:277 - Updater called before beeing initialized
2020-06-06 13:54:15,924 [FATAL] Updater:277 - Updater called before beeing initialized
2020-06-06 13:54:15,939 [INFO] PinOutPanel:1420 - setPackage(No Configuration,No Configuration)
2020-06-06 13:54:15,939 [FATAL] Updater:277 - Updater called before beeing initialized
2020-06-06 13:54:15,939 [INFO] BoardConnectionPanel:3472 - [DDR PANEL] STM32CubeIDE environment
2020-06-06 13:54:15,939 [INFO] MainDdrPanel:103 - [DDR PANEL] GETTER - cubeProgrammerPath is: C:\ST\STM32CubeIDE_1.3.0\STM32CubeIDE\plugins\com.st.stm32cube.ide.mcu.externaltools.cubeprogrammer.win32_1.3.0.202002181050\tools\bin
2020-06-06 13:54:15,939 [INFO] ProgrammerExecThread:148 - [ProgrammerAPI] CubeProgrammer command construction: C:\ST\STM32CubeIDE_1.3.0\STM32CubeIDE\plugins\com.st.stm32cube.ide.mcu.externaltools.cubeprogrammer.win32_1.3.0.202002181050\tools\bin\STM32_Programmer_CLI.exe -l
2020-06-06 13:54:16,344 [INFO] MainDdrPanel:93 - [DDR PANEL] SETTER - Set cubeProgrammerPath to: C:\ST\STM32CubeIDE_1.3.0\STM32CubeIDE\plugins\com.st.stm32cube.ide.mcu.externaltools.cubeprogrammer.win32_1.3.0.202002181050\tools\bin
2020-06-06 13:54:16,372 [INFO] Updater:886 - Updater Version found : 5.6.1
2020-06-06 13:54:16,387 [INFO] ApplicationProperties:181 - Using Application install path: C:\ST\STM32CubeIDE_1.3.0\STM32CubeIDE\plugins\com.st.stm32cube.common.mx_5.6.1.202004052303
2020-06-06 13:54:16,765 [INFO] MainUpdater:2230 - connection check result : 10
2020-06-06 13:54:16,765 [INFO] MainUpdater:236 - Updater Check For Update Now.
2020-06-06 13:54:16,765 [INFO] MicroXplorer:420 - Change Database Version : DB.5.0.60
2020-06-06 13:54:16,818 [INFO] MainUpdater:2230 - connection check result : 10
2020-06-06 13:54:16,818 [INFO] LogOutputStream:76 - [STDOUT_REDIRECT] Successfull proxy connection.
2020-06-06 13:54:16,818 [INFO] CheckServerUpdateThread:92 - End of CheckServer Thread
2020-06-06 13:54:17,048 [INFO] McuFinderGlobals:40 - Set McuFinder mode to 2 (CubeIDE integrated)
2020-06-06 13:54:17,056 [INFO] FinderPluginLoader:86 - Searching for filters in installed packs
2020-06-06 13:54:17,058 [INFO] DbMcusXml:110 - Load MCU database from C:\ST\STM32CubeIDE_1.3.0\STM32CubeIDE\plugins\com.st.stm32cube.common.mx_5.6.1.202004052303\\db\/mcu/families.xml
2020-06-06 13:54:17,535 [INFO] ThirdPartyDb:261 - Close Third Party DataBase File (C:/Users/amirz/.stm32cubemx/plugins/thirdparty/db/thirdparties_db.xml)
2020-06-06 13:54:17,672 [INFO] IntegrityCheckThread:98 - End integrity checks thread
2020-06-06 13:54:17,986 [INFO] DbMcusJson:90 - JSON generation date=Wed Jun 03 11:10:31 EDT 2020 (1591197031)
2020-06-06 13:54:18,913 [INFO] DbMcus:171 - Found 1670 MCUs (1625 are supported by CubeMX, 1625 are visible in CubeMX)
2020-06-06 13:54:18,913 [INFO] ApiDb:158 - Load user favorites file C:\Users\amirz/.stm32cubeide/favorites.mcus.txt: 0 item(s)
2020-06-06 13:54:18,913 [INFO] ApiDb:163 - User favorites MCUs=[]
2020-06-06 13:54:18,913 [INFO] DbMcus:183 - Set 0 / 0 favorites MCUs
2020-06-06 13:54:19,775 [INFO] DbMcusAds:143 - JSON generation date=Thu Apr 30 09:50:56 EDT 2020 (1588254656)
2020-06-06 13:54:19,775 [INFO] LoadUrlFilesThread:161 - End of LoadServerUrlFiles without Thread
2020-06-06 13:54:19,785 [INFO] McuDetailPanel:181 - Set advertising image to C:/Users/amirz/STM32Cube/Repository/\PR_STM32Cube_GitHub_0320_V1.png
2020-06-06 13:54:20,289 [INFO] McuFilterPanel:249 - Update 0 favorites MCUs
2020-06-06 13:54:20,449 [INFO] DbBoardsPdsc:92 - Found 22 items
2020-06-06 13:54:20,459 [INFO] DbBoardsPdsc:92 - Found 9 items
2020-06-06 13:54:20,469 [INFO] DbBoardsPdsc:92 - Found 28 items
2020-06-06 13:54:20,480 [INFO] DbBoardsPdsc:92 - Found 1 items
2020-06-06 13:54:20,490 [INFO] DbBoardsPdsc:92 - Found 40 items
2020-06-06 13:54:20,500 [INFO] DbBoardsPdsc:92 - Found 39 items
2020-06-06 13:54:20,510 [INFO] DbBoardsPdsc:92 - Found 2 items
2020-06-06 13:54:20,520 [INFO] DbBoardsPdsc:92 - Found 4 items
2020-06-06 13:54:20,528 [WARN] DbBoardsPdsc:256 - Board STM32H7B3I-DK: unknown feature type=Audio, name=, username=Audio stereo codec with Headphone Amp (CS42L51-CNZ), n=1
2020-06-06 13:54:20,528 [WARN] DbBoardsPdsc:256 - Board STM32H7B3I-DK: unknown feature type=WIFI, name=, username=WIFI 802.11 b/g/n, n=1
2020-06-06 13:54:20,530 [WARN] DbBoardsPdsc:256 - Board STM32H7B3I-EVAL: unknown feature type=Audio, name=, username=Multi-Channel Audio Codec (CS42L51-CNZ), n=1
2020-06-06 13:54:20,530 [WARN] DbBoardsPdsc:256 - Board STM32H7B3I-EVAL: unknown feature type=Meter, name=, username=Power-metering and Temperature-monitoring with sigma-delta modulators, n=1
2020-06-06 13:54:20,530 [WARN] DbBoardsPdsc:256 - Board STM32H7B3I-EVAL: unknown feature type=WIFI, name=, username=WIFI 802.11 a/b/g/n, n=1
2020-06-06 13:54:20,530 [WARN] DbBoardsPdsc:256 - Board STM32H7B3I-EVAL: unknown feature type=Motor, name=, username=Motor Control, n=1
2020-06-06 13:54:20,550 [INFO] DbBoardsJson:80 - JSON generation date=Wed May 20 07:36:55 EDT 2020 (1589974615)
2020-06-06 13:54:20,558 [INFO] DbBoards:120 - Found 145 boards (142 are supported by CubeMX)
2020-06-06 13:54:20,570 [INFO] DbBoardsDocs:131 - JSON generation date=Wed Jun 03 11:10:31 EDT 2020 (1591197031)
2020-06-06 13:54:20,588 [INFO] DbBoardsDocs:70 - Found 183 boards documents
2020-06-06 13:54:20,590 [WARN] DbBoards:130 - board NUCLEO-H743ZI2 has no document id list !
2020-06-06 13:54:20,590 [WARN] DbBoards:130 - board P-NUCLEO-WB55-Nucleo has no document id list !
2020-06-06 13:54:20,590 [WARN] DbBoards:130 - board P-NUCLEO-WB55-USBDongle has no document id list !
2020-06-06 13:54:20,590 [WARN] DbBoards:130 - board NUCLEO-WB35CE has no document id list !
2020-06-06 13:54:20,590 [WARN] DbBoards:130 - board STM32F401C-DISCO has no document id list !
2020-06-06 13:54:20,590 [WARN] DbBoards:130 - board STM32F769I-DISC1 has no document id list !
2020-06-06 13:54:20,590 [WARN] DbBoards:130 - board STM32L-DISCOVERY has no document id list !
2020-06-06 13:54:20,590 [WARN] DbBoards:130 - board STM32H747I-DISC1 has no document id list !
2020-06-06 13:54:20,590 [WARN] DbBoards:130 - board STM32MP157A-DK1 has no document id list !
2020-06-06 13:54:20,590 [WARN] DbBoards:130 - board STM32H743I-EVAL2 has no document id list !
2020-06-06 13:54:20,590 [WARN] DbBoards:130 - board STM32H753I-EVAL2 has no document id list !
2020-06-06 13:54:20,590 [WARN] DbBoards:130 - board STM32G474E-EVAL1 has no document id list !
2020-06-06 13:54:20,590 [WARN] DbBoards:130 - board STEVAL-BFA001V1B has no document id list !
2020-06-06 13:54:20,590 [WARN] DbBoards:130 - board STEVAL-BFA001V2B has no document id list !
2020-06-06 13:54:20,590 [WARN] DbBoards:130 - board STEVAL-MKSBOX1V1 has no document id list !
2020-06-06 13:54:20,590 [WARN] DbBoards:130 - board STEVAL-STWINKT1 has no document id list !
2020-06-06 13:54:20,590 [WARN] DbBoards:130 - board STEVAL-IDP005V1 has no document id list !
2020-06-06 13:54:20,590 [WARN] DbBoards:130 - board STEVAL-IDP005V2 has no document id list !
2020-06-06 13:54:22,152 [INFO] ApiDb:158 - Load user favorites file C:\Users\amirz/.stm32cubeide/favorites.boards.txt: 0 item(s)
2020-06-06 13:54:22,152 [INFO] ApiDb:163 - User favorites Boards=[]
2020-06-06 13:54:22,152 [INFO] DbBoards:209 - Set 0 / 0 favorites Boards
2020-06-06 13:54:22,230 [INFO] LoadUrlFilesThread:161 - End of LoadServerUrlFiles without Thread
2020-06-06 13:54:22,230 [INFO] BoardDetailPanel:180 - Set advertising image to C:/Users/amirz/STM32Cube/Repository/\PR_STM32Cube_GitHub_0320_V1.png
2020-06-06 13:54:22,252 [INFO] BoardFilterPanel:211 - Update 0 favorites Boards
2020-06-06 13:54:22,368 [INFO] CrossSelectorPresenter:1319 - Cross Selector saved comparison directory: C:\Users\amirz\.stmcufinder\plugins\mcufinder\mcu\cs_comparisons_mx
2020-06-06 13:55:36,640 [INFO] MainUpdater:2230 - connection check result : 10
2020-06-06 13:55:36,640 [INFO] LogOutputStream:76 - [STDOUT_REDIRECT] Successfull proxy connection.
2020-06-06 13:55:36,667 [INFO] McuFinderGlobals:40 - Set McuFinder mode to 2 (CubeIDE integrated)
2020-06-06 13:55:36,667 [INFO] FinderPluginLoader:86 - Searching for filters in installed packs
2020-06-06 13:55:37,252 [INFO] LoadUrlFilesThread:161 - End of LoadServerUrlFiles without Thread
2020-06-06 13:55:37,252 [INFO] McuDetailPanel:181 - Set advertising image to C:/Users/amirz/STM32Cube/Repository/\PR_STM32Cube_GitHub_0320_V1.png
2020-06-06 13:55:37,431 [INFO] McuFilterPanel:249 - Update 0 favorites MCUs
2020-06-06 13:55:37,585 [INFO] LoadUrlFilesThread:161 - End of LoadServerUrlFiles without Thread
2020-06-06 13:55:37,585 [INFO] BoardDetailPanel:180 - Set advertising image to C:/Users/amirz/STM32Cube/Repository/\PR_STM32Cube_GitHub_0320_V1.png
2020-06-06 13:55:37,595 [INFO] BoardFilterPanel:211 - Update 0 favorites Boards
2020-06-06 13:55:37,605 [INFO] CrossSelectorPresenter:1319 - Cross Selector saved comparison directory: C:\Users\amirz\.stmcufinder\plugins\mcufinder\mcu\cs_comparisons_mx
2020-06-06 13:55:50,948 [INFO] MainUpdater:2230 - connection check result : 10
2020-06-06 13:55:50,986 [INFO] MicroXplorer:390 - Change Database Path : 
2020-06-06 13:55:50,986 [INFO] MicroXplorer:420 - Change Database Version : DB.5.0.60
2020-06-06 13:55:50,986 [INFO] PinOutPanel:1420 - setPackage(No Configuration,No Configuration)
2020-06-06 13:55:50,986 [INFO] UtilMem:74 - Begin LoadConfig() Used Memory: 366729816 Bytes (625999872)
2020-06-06 13:55:51,002 [INFO] MicroXplorer:390 - Change Database Path : C:/Users/amirz/.stm32cubemx/databases/DB.5.0.50/db/
2020-06-06 13:55:51,002 [INFO] MicroXplorer:420 - Change Database Version : DB.5.0.50
2020-06-06 13:55:51,002 [INFO] LogOutputStream:76 - [STDOUT_REDIRECT] *****Project Manager Settings
2020-06-06 13:55:52,621 [INFO] OpenFileManager:274 - Change cursor
2020-06-06 13:55:58,347 [INFO] ImportTextPane:162 - (OptionalMessage_ERROR) IP (ADC1) : Parameter (Rank) has Id (0#ChannelRegularConversion) currently not set
2020-06-06 13:55:58,347 [INFO] ImportTextPane:162 - (OptionalMessage_ERROR) IP (ADC1) : Parameter (Channel) has Id (0#ChannelRegularConversion) currently not set
2020-06-06 13:55:58,347 [INFO] ImportTextPane:162 - (OptionalMessage_ERROR) IP (ADC1) : Parameter (SamplingTime) has Id (0#ChannelRegularConversion) currently not set
2020-06-06 13:55:58,347 [INFO] ImportTextPane:162 - (OptionalMessage_ERROR) IP (ADC1) : Parameter (OffsetNumber) has Id (0#ChannelRegularConversion) currently not set
2020-06-06 13:55:58,355 [INFO] ImportTextPane:162 - (OptionalMessage_ERROR) IP (ADC2) : Parameter (Rank) has Id (0#ChannelRegularConversion) currently not set
2020-06-06 13:55:58,355 [INFO] ImportTextPane:162 - (OptionalMessage_ERROR) IP (ADC2) : Parameter (Channel) has Id (0#ChannelRegularConversion) currently not set
2020-06-06 13:55:58,355 [INFO] ImportTextPane:162 - (OptionalMessage_ERROR) IP (ADC2) : Parameter (SamplingTime) has Id (0#ChannelRegularConversion) currently not set
2020-06-06 13:55:58,355 [INFO] ImportTextPane:162 - (OptionalMessage_ERROR) IP (ADC2) : Parameter (OffsetNumber) has Id (0#ChannelRegularConversion) currently not set
2020-06-06 13:55:58,355 [INFO] ImportTextPane:162 - (OptionalMessage_ERROR) IP (ADC3) : Parameter (Rank) has Id (0#ChannelRegularConversion) currently not set
2020-06-06 13:55:58,355 [INFO] ImportTextPane:162 - (OptionalMessage_ERROR) IP (ADC3) : Parameter (Channel) has Id (0#ChannelRegularConversion) currently not set
2020-06-06 13:55:58,355 [INFO] ImportTextPane:162 - (OptionalMessage_ERROR) IP (ADC3) : Parameter (SamplingTime) has Id (0#ChannelRegularConversion) currently not set
2020-06-06 13:55:58,355 [INFO] ImportTextPane:162 - (OptionalMessage_ERROR) IP (ADC3) : Parameter (OffsetNumber) has Id (0#ChannelRegularConversion) currently not set
2020-06-06 13:55:58,357 [INFO] ImportTextPane:162 - (OptionalMessage_ERROR) IP (RCC) : Parameter (DFSDMFreq_Value) has invalid value (120000000)
2020-06-06 13:55:58,357 [INFO] ImportTextPane:162 - (OptionalMessage_ERROR) IP (RCC) : Invalid parameter (FamilyName)
2020-06-06 13:55:58,859 [INFO] UtilMem:74 - End LoadConfig() Used Memory: 360779424 Bytes (625999872)
2020-06-06 13:55:58,879 [INFO] ThirdPartyDb:295 - Open Third Party DataBase File (C:/Users/amirz/.stm32cubemx/plugins/thirdparty/db/thirdparties_db.xml) : 10 ms. number of Sw pack : 12
2020-06-06 13:55:58,889 [INFO] DependencyParser:785 - This component is not compatible with the current MCU : [1583595952076]
2020-06-06 13:55:58,889 [INFO] ThirdPartyModel:521 - Component with status : MCU_INCOMPATIBLE for condition : OS Tick GTIM id : 1583595951403
2020-06-06 13:55:58,889 [INFO] DependencyParser:785 - This component is not compatible with the current MCU : [1583595954652, 1583595952159]
2020-06-06 13:55:59,020 [INFO] ThirdParty:899 - CMSIS Pack Vendor :STMicroelectronics X-CUBE-BLE1 5.0.0
2020-06-06 13:55:59,020 [INFO] ThirdParty:899 - CMSIS Pack Vendor :STMicroelectronics X-CUBE-SUBG2 1.1.0
2020-06-06 13:55:59,020 [INFO] ThirdParty:899 - CMSIS Pack Vendor :STMicroelectronics X-CUBE-GNSS1 4.1.0
2020-06-06 13:55:59,020 [INFO] ThirdParty:899 - CMSIS Pack Vendor :ARM CMSIS 5.6.0
2020-06-06 13:55:59,020 [INFO] ThirdParty:899 - CMSIS Pack Vendor :STMicroelectronics X-CUBE-TOUCHGFX 4.13.0
2020-06-06 13:55:59,020 [INFO] ThirdParty:899 - CMSIS Pack Vendor :STMicroelectronics X-CUBE-NFC4 1.5.2
2020-06-06 13:55:59,020 [INFO] ThirdParty:899 - CMSIS Pack Vendor :STMicroelectronics X-CUBE-MEMS1 7.1.0
2020-06-06 13:55:59,020 [INFO] ThirdParty:899 - CMSIS Pack Vendor :STMicroelectronics FreeRTOS 0.0.1
2020-06-06 13:55:59,020 [INFO] ThirdParty:899 - CMSIS Pack Vendor :STMicroelectronics X-CUBE-MEMS1 7.2.0
2020-06-06 13:55:59,020 [INFO] ThirdParty:899 - CMSIS Pack Vendor :STMicroelectronics X-CUBE-AI 5.0.0
2020-06-06 13:55:59,020 [INFO] ThirdParty:899 - CMSIS Pack Vendor :STMicroelectronics X-CUBE-BLE2 1.0.0
2020-06-06 13:55:59,510 [INFO] PinOutPanel:1420 - setPackage(No Configuration,No Configuration)
2020-06-06 13:55:59,512 [INFO] PinOutPanel:1420 - setPackage(STM32H750VBTx,LQFP100)
2020-06-06 13:56:00,225 [INFO] UtilMem:74 - Before build in PCC Used Memory: 375159976 Bytes (625999872)
2020-06-06 13:56:00,637 [INFO] SharedServices:71 - Folder for power plug-in: C:/Users/amirz/.stm32cubemx/plugins/power
2020-06-06 13:56:00,685 [INFO] SharedServices:71 - Folder for power plug-in: C:/Users/amirz/.stm32cubemx/plugins/power
2020-06-06 13:56:00,738 [INFO] SharedServices:71 - Folder for power plug-in: C:/Users/amirz/.stm32cubemx/plugins/power
2020-06-06 13:56:00,748 [INFO] SharedServices:71 - Folder for power plug-in: C:/Users/amirz/.stm32cubemx/plugins/power
2020-06-06 13:56:00,929 [INFO] UtilMem:74 - After build in PCC Used Memory: 445940896 Bytes (625999872)
2020-06-06 13:56:01,027 [INFO] IPUIPlugin:65 - create IPUIPlugin
2020-06-06 13:56:01,027 [INFO] IPUIPlugin:65 - create IPUIPlugin
2020-06-06 13:56:01,027 [INFO] IPUIPlugin:65 - create IPUIPlugin
2020-06-06 13:56:01,027 [INFO] IPUIPlugin:65 - create IPUIPlugin
2020-06-06 13:56:01,027 [INFO] IPUIPlugin:65 - create IPUIPlugin
2020-06-06 13:56:01,027 [INFO] IPUIPlugin:65 - create IPUIPlugin
2020-06-06 13:56:01,029 [INFO] IPUIPlugin:65 - create IPUIPlugin
2020-06-06 13:56:01,029 [INFO] IPUIPlugin:65 - create IPUIPlugin
2020-06-06 13:56:01,029 [INFO] IPUIPlugin:65 - create IPUIPlugin
2020-06-06 13:56:01,029 [INFO] IPUIPlugin:65 - create IPUIPlugin
2020-06-06 13:56:01,029 [INFO] IPUIPlugin:65 - create IPUIPlugin
2020-06-06 13:56:01,029 [INFO] IPUIPlugin:65 - create IPUIPlugin
2020-06-06 13:56:01,029 [INFO] IPUIPlugin:65 - create IPUIPlugin
2020-06-06 13:56:01,029 [INFO] IPUIPlugin:65 - create IPUIPlugin
2020-06-06 13:56:01,029 [INFO] IPUIPlugin:65 - create IPUIPlugin
2020-06-06 13:56:01,029 [INFO] IPUIPlugin:65 - create IPUIPlugin
2020-06-06 13:56:01,029 [INFO] IPUIPlugin:65 - create IPUIPlugin
2020-06-06 13:56:01,029 [INFO] IPUIPlugin:65 - create IPUIPlugin
2020-06-06 13:56:01,029 [INFO] IPUIPlugin:65 - create IPUIPlugin
2020-06-06 13:56:01,029 [INFO] IPUIPlugin:65 - create IPUIPlugin
2020-06-06 13:56:01,029 [INFO] IPUIPlugin:65 - create IPUIPlugin
2020-06-06 13:56:01,029 [INFO] IPUIPlugin:65 - create IPUIPlugin
2020-06-06 13:56:01,029 [INFO] IPUIPlugin:65 - create IPUIPlugin
2020-06-06 13:56:01,029 [INFO] IPUIPlugin:65 - create IPUIPlugin
2020-06-06 13:56:01,029 [INFO] IPUIPlugin:65 - create IPUIPlugin
2020-06-06 13:56:01,029 [INFO] IPUIPlugin:65 - create IPUIPlugin
2020-06-06 13:56:01,029 [INFO] IPUIPlugin:65 - create IPUIPlugin
2020-06-06 13:56:01,029 [INFO] IPUIPlugin:65 - create IPUIPlugin
2020-06-06 13:56:01,029 [INFO] IPUIPlugin:65 - create IPUIPlugin
2020-06-06 13:56:01,029 [INFO] IPUIPlugin:65 - create IPUIPlugin
2020-06-06 13:56:01,029 [INFO] IPUIPlugin:65 - create IPUIPlugin
2020-06-06 13:56:01,029 [INFO] IPUIPlugin:65 - create IPUIPlugin
2020-06-06 13:56:01,029 [INFO] IPUIPlugin:65 - create IPUIPlugin
2020-06-06 13:56:01,029 [INFO] IPUIPlugin:65 - create IPUIPlugin
2020-06-06 13:56:01,029 [INFO] IPUIPlugin:65 - create IPUIPlugin
2020-06-06 13:56:01,029 [INFO] IPUIPlugin:65 - create IPUIPlugin
2020-06-06 13:56:01,029 [INFO] IPUIPlugin:65 - create IPUIPlugin
2020-06-06 13:56:01,029 [INFO] IPUIPlugin:65 - create IPUIPlugin
2020-06-06 13:56:01,029 [INFO] IPUIPlugin:65 - create IPUIPlugin
2020-06-06 13:56:01,029 [INFO] IPUIPlugin:65 - create IPUIPlugin
2020-06-06 13:56:01,029 [INFO] IPUIPlugin:65 - create IPUIPlugin
2020-06-06 13:56:01,029 [INFO] IPUIPlugin:65 - create IPUIPlugin
2020-06-06 13:56:01,029 [INFO] IPUIPlugin:65 - create IPUIPlugin
2020-06-06 13:56:01,029 [INFO] IPUIPlugin:65 - create IPUIPlugin
2020-06-06 13:56:01,029 [INFO] IPUIPlugin:65 - create IPUIPlugin
2020-06-06 13:56:01,029 [INFO] IPUIPlugin:65 - create IPUIPlugin
2020-06-06 13:56:01,029 [INFO] IPUIPlugin:65 - create IPUIPlugin
2020-06-06 13:56:01,029 [INFO] IPUIPlugin:65 - create IPUIPlugin
2020-06-06 13:56:01,037 [INFO] IPUIPlugin:65 - create IPUIPlugin
2020-06-06 13:56:01,037 [INFO] IPUIPlugin:65 - create IPUIPlugin
2020-06-06 13:56:01,037 [INFO] IPUIPlugin:65 - create IPUIPlugin
2020-06-06 13:56:01,037 [INFO] IPUIPlugin:65 - create IPUIPlugin
2020-06-06 13:56:01,037 [INFO] IPUIPlugin:65 - create IPUIPlugin
2020-06-06 13:56:01,037 [INFO] IPUIPlugin:65 - create IPUIPlugin
2020-06-06 13:56:01,037 [INFO] IPUIPlugin:65 - create IPUIPlugin
2020-06-06 13:56:01,037 [INFO] IPUIPlugin:65 - create IPUIPlugin
2020-06-06 13:56:01,037 [INFO] IPUIPlugin:65 - create IPUIPlugin
2020-06-06 13:56:01,037 [INFO] IPUIPlugin:65 - create IPUIPlugin
2020-06-06 13:56:01,037 [INFO] IPUIPlugin:65 - create IPUIPlugin
2020-06-06 13:56:01,037 [INFO] IPUIPlugin:65 - create IPUIPlugin
2020-06-06 13:56:01,039 [INFO] IPUIPlugin:65 - create IPUIPlugin
2020-06-06 13:56:01,039 [INFO] IPUIPlugin:65 - create IPUIPlugin
2020-06-06 13:56:01,039 [INFO] IPUIPlugin:65 - create IPUIPlugin
2020-06-06 13:56:01,039 [INFO] IPUIPlugin:65 - create IPUIPlugin
2020-06-06 13:56:01,039 [INFO] IPUIPlugin:65 - create IPUIPlugin
2020-06-06 13:56:01,039 [INFO] IPUIPlugin:65 - create IPUIPlugin
2020-06-06 13:56:01,039 [INFO] IPUIPlugin:65 - create IPUIPlugin
2020-06-06 13:56:01,039 [INFO] IPUIPlugin:65 - create IPUIPlugin
2020-06-06 13:56:01,039 [INFO] IPUIPlugin:65 - create IPUIPlugin
2020-06-06 13:56:01,039 [INFO] IPUIPlugin:65 - create IPUIPlugin
2020-06-06 13:56:01,039 [INFO] IPUIPlugin:65 - create IPUIPlugin
2020-06-06 13:56:01,039 [INFO] IPUIPlugin:65 - create IPUIPlugin
2020-06-06 13:56:01,039 [INFO] IPUIPlugin:65 - create IPUIPlugin
2020-06-06 13:56:01,039 [INFO] IPUIPlugin:65 - create IPUIPlugin
2020-06-06 13:56:01,039 [INFO] IPUIPlugin:65 - create IPUIPlugin
2020-06-06 13:56:01,039 [INFO] IPUIPlugin:65 - create IPUIPlugin
2020-06-06 13:56:01,039 [INFO] IPUIPlugin:65 - create IPUIPlugin
2020-06-06 13:56:01,039 [INFO] IPUIPlugin:65 - create IPUIPlugin
2020-06-06 13:56:01,039 [INFO] IPUIPlugin:65 - create IPUIPlugin
2020-06-06 13:56:01,039 [INFO] IPUIPlugin:65 - create IPUIPlugin
2020-06-06 13:56:01,039 [INFO] IPUIPlugin:65 - create IPUIPlugin
2020-06-06 13:56:01,039 [INFO] IPUIPlugin:65 - create IPUIPlugin
2020-06-06 13:56:01,039 [INFO] IPUIPlugin:65 - create IPUIPlugin
2020-06-06 13:56:01,039 [INFO] IPUIPlugin:65 - create IPUIPlugin
2020-06-06 13:56:01,039 [INFO] IPUIPlugin:65 - create IPUIPlugin
2020-06-06 13:56:01,039 [INFO] IPUIPlugin:65 - create IPUIPlugin
2020-06-06 13:56:01,039 [INFO] IPUIPlugin:65 - create IPUIPlugin
2020-06-06 13:56:01,039 [INFO] IPUIPlugin:65 - create IPUIPlugin
2020-06-06 13:56:01,039 [INFO] IPUIPlugin:65 - create IPUIPlugin
2020-06-06 13:56:01,039 [INFO] IPUIPlugin:65 - create IPUIPlugin
2020-06-06 13:56:01,039 [INFO] IPUIPlugin:65 - create IPUIPlugin
2020-06-06 13:56:01,039 [INFO] IPUIPlugin:65 - create IPUIPlugin
2020-06-06 13:56:01,039 [INFO] IPUIPlugin:65 - create IPUIPlugin
2020-06-06 13:56:01,039 [INFO] IPUIPlugin:65 - create IPUIPlugin
2020-06-06 13:56:01,039 [INFO] IPUIPlugin:65 - create IPUIPlugin
2020-06-06 13:56:01,039 [INFO] IPUIPlugin:65 - create IPUIPlugin
2020-06-06 13:56:01,188 [INFO] LogOutputStream:76 - [STDOUT_REDIRECT] toolchainItems.length=====1
2020-06-06 13:56:01,268 [INFO] OpenFileManager:294 - Restore cursor
2020-06-06 13:56:01,288 [INFO] UtilMem:74 - End SaveConfig() Used Memory: 512001184 Bytes (625999872)
2020-06-06 13:56:02,887 [INFO] UtilMem:74 - End SaveConfig() Used Memory: 466926760 Bytes (625999872)
2020-06-06 13:56:03,007 [INFO] UtilMem:74 - End SaveConfig() Used Memory: 481606824 Bytes (625999872)
2020-06-06 13:56:03,441 [INFO] BlockDiagram:2671 - set Specific Code input for plugin: SPI
2020-06-06 13:56:03,441 [INFO] BlockDiagram:2671 - set Specific Code input for plugin: SPI
2020-06-06 13:56:03,441 [INFO] BlockDiagram:2671 - set Specific Code input for plugin: SPI
2020-06-06 13:56:03,441 [INFO] BlockDiagram:2671 - set Specific Code input for plugin: SPI
2020-06-06 13:56:03,441 [INFO] BlockDiagram:2671 - set Specific Code input for plugin: TIM1_8H7
2020-06-06 13:56:03,441 [INFO] BlockDiagram:2671 - set Specific Code input for plugin: USB_DEVICE
2020-06-06 13:56:03,441 [INFO] BlockDiagram:2671 - set Specific Code input for plugin: ADC
2020-06-06 13:56:03,441 [INFO] BlockDiagram:2671 - set Specific Code input for plugin: SYS
2020-06-06 13:56:03,441 [INFO] BlockDiagram:2671 - set Specific Code input for plugin: ADC
2020-06-06 13:56:03,441 [INFO] BlockDiagram:2671 - set Specific Code input for plugin: ADC
2020-06-06 13:56:03,441 [INFO] BlockDiagram:2671 - set Specific Code input for plugin: RCC
2020-06-06 13:56:03,441 [INFO] BlockDiagram:2671 - set Specific Code input for plugin: I2C
2020-06-06 13:56:03,449 [INFO] BlockDiagram:2671 - set Specific Code input for plugin: RTC
2020-06-06 13:56:03,449 [INFO] BlockDiagram:2671 - set Specific Code input for plugin: USB_OTG_FS
2020-06-06 13:56:03,449 [INFO] BlockDiagram:2671 - set Specific Code input for plugin: NVIC
2020-06-06 13:56:03,449 [INFO] BlockDiagram:2671 - set Specific Code input for plugin: CORTEX_M7
2020-06-06 13:56:03,449 [INFO] BlockDiagram:2671 - set Specific Code input for plugin: TIM1_8H7
2020-06-06 13:56:03,449 [INFO] BlockDiagram:2671 - set Specific Code input for plugin: UART
2020-06-06 13:56:03,449 [INFO] BlockDiagram:2671 - set Specific Code input for plugin: DEBUG
2020-06-06 13:56:03,449 [INFO] BlockDiagram:2671 - set Specific Code input for plugin: GPIO
2020-06-06 13:56:03,451 [INFO] CodeGenerator:603 - code generatio: config db path: C:/Users/amirz/.stm32cubemx/databases/DB.5.0.50/db/
2020-06-06 13:56:04,526 [INFO] CodeEngine:188 - oldGeneratedFile, C:\Users\amirz\Documents\AeroNU\DPF\Avionics\stm32-avionics\H750VBT6-flight-board-v0\H750VBT6-flight-board-v0\MXTmpFiles\license.tmp_save
2020-06-06 13:56:04,828 [INFO] CodeEngine:206 - Generated code: C:\Users\amirz\Documents\AeroNU\DPF\Avionics\stm32-avionics\H750VBT6-flight-board-v0\H750VBT6-flight-board-v0\MXTmpFiles\license.tmp
2020-06-06 13:56:05,250 [INFO] CodeEngine:188 - oldGeneratedFile, C:\Users\amirz\Documents\AeroNU\DPF\Avionics\stm32-avionics\H750VBT6-flight-board-v0\H750VBT6-flight-board-v0\MXTmpFiles\gpio.tmp_save
2020-06-06 13:56:05,371 [INFO] CodeEngine:206 - Generated code: C:\Users\amirz\Documents\AeroNU\DPF\Avionics\stm32-avionics\H750VBT6-flight-board-v0\H750VBT6-flight-board-v0\MXTmpFiles\gpio.tmp
2020-06-06 13:56:05,371 [INFO] LogOutputStream:76 - [STDOUT_REDIRECT] Command line test
2020-06-06 13:56:05,690 [INFO] CodeEngine:188 - oldGeneratedFile, C:\Users\amirz\Documents\AeroNU\DPF\Avionics\stm32-avionics\H750VBT6-flight-board-v0\H750VBT6-flight-board-v0\MXTmpFiles\usb_otg_fs_vars.tmp_save
2020-06-06 13:56:05,773 [INFO] CodeEngine:206 - Generated code: C:\Users\amirz\Documents\AeroNU\DPF\Avionics\stm32-avionics\H750VBT6-flight-board-v0\H750VBT6-flight-board-v0\MXTmpFiles\usb_otg_fs_vars.tmp
2020-06-06 13:56:05,793 [INFO] CodeEngine:188 - oldGeneratedFile, C:\Users\amirz\Documents\AeroNU\DPF\Avionics\stm32-avionics\H750VBT6-flight-board-v0\H750VBT6-flight-board-v0\MXTmpFiles\usb_otg_fs_inc.tmp_save
2020-06-06 13:56:05,863 [INFO] CodeEngine:206 - Generated code: C:\Users\amirz\Documents\AeroNU\DPF\Avionics\stm32-avionics\H750VBT6-flight-board-v0\H750VBT6-flight-board-v0\MXTmpFiles\usb_otg_fs_inc.tmp
2020-06-06 13:56:05,913 [INFO] CodeEngine:188 - oldGeneratedFile, C:\Users\amirz\Documents\AeroNU\DPF\Avionics\stm32-avionics\H750VBT6-flight-board-v0\H750VBT6-flight-board-v0\MXTmpFiles\usb_otg_fs_HalInit.tmp_save
2020-06-06 13:56:06,014 [INFO] CodeEngine:206 - Generated code: C:\Users\amirz\Documents\AeroNU\DPF\Avionics\stm32-avionics\H750VBT6-flight-board-v0\H750VBT6-flight-board-v0\MXTmpFiles\usb_otg_fs_HalInit.tmp
2020-06-06 13:56:06,044 [INFO] CodeEngine:188 - oldGeneratedFile, C:\Users\amirz\Documents\AeroNU\DPF\Avionics\stm32-avionics\H750VBT6-flight-board-v0\H750VBT6-flight-board-v0\MXTmpFiles\usb_otg_fs_Msp.tmp_save
2020-06-06 13:56:06,154 [INFO] CodeEngine:206 - Generated code: C:\Users\amirz\Documents\AeroNU\DPF\Avionics\stm32-avionics\H750VBT6-flight-board-v0\H750VBT6-flight-board-v0\MXTmpFiles\usb_otg_fs_Msp.tmp
2020-06-06 13:56:07,029 [WARN] IPConfigManager:90 - WARNING: Missing Config File for DEBUG ip!!
2020-06-06 13:56:09,434 [INFO] LogOutputStream:76 - [STDOUT_REDIRECT] Command line
2020-06-06 13:56:09,434 [INFO] LogOutputStream:76 - [STDOUT_REDIRECT] Debug : prepare data for ADC
2020-06-06 13:56:09,434 [INFO] LogOutputStream:76 - [STDOUT_REDIRECT] Command line test
2020-06-06 13:56:09,434 [INFO] LogOutputStream:76 - [STDOUT_REDIRECT] Command line
2020-06-06 13:56:09,434 [INFO] LogOutputStream:76 - [STDOUT_REDIRECT] Debug : prepare data for CORTEX_M7
2020-06-06 13:56:09,434 [INFO] LogOutputStream:76 - [STDOUT_REDIRECT] Command line test
2020-06-06 13:56:09,449 [INFO] CodeEngine:188 - oldGeneratedFile, C:\Users\amirz\Documents\AeroNU\DPF\Avionics\stm32-avionics\H750VBT6-flight-board-v0\H750VBT6-flight-board-v0\MXTmpFiles\cortex.tmp_save
2020-06-06 13:56:09,518 [INFO] CodeEngine:206 - Generated code: C:\Users\amirz\Documents\AeroNU\DPF\Avionics\stm32-avionics\H750VBT6-flight-board-v0\H750VBT6-flight-board-v0\MXTmpFiles\cortex.tmp
2020-06-06 13:56:09,518 [INFO] LogOutputStream:76 - [STDOUT_REDIRECT] Command line
2020-06-06 13:56:09,518 [INFO] LogOutputStream:76 - [STDOUT_REDIRECT] Debug : prepare data for DEBUG
2020-06-06 13:56:09,518 [INFO] LogOutputStream:76 - [STDOUT_REDIRECT] Command line test
2020-06-06 13:56:09,534 [INFO] LogOutputStream:76 - [STDOUT_REDIRECT] Command line
2020-06-06 13:56:09,534 [INFO] LogOutputStream:76 - [STDOUT_REDIRECT] Debug : prepare data for I2C
2020-06-06 13:56:09,534 [INFO] LogOutputStream:76 - [STDOUT_REDIRECT] Command line test
2020-06-06 13:56:09,534 [INFO] LogOutputStream:76 - [STDOUT_REDIRECT] Command line
2020-06-06 13:56:09,534 [INFO] LogOutputStream:76 - [STDOUT_REDIRECT] Debug : prepare data for RTC
2020-06-06 13:56:09,534 [INFO] LogOutputStream:76 - [STDOUT_REDIRECT] Command line test
2020-06-06 13:56:09,534 [INFO] LogOutputStream:76 - [STDOUT_REDIRECT] Command line
2020-06-06 13:56:09,534 [INFO] LogOutputStream:76 - [STDOUT_REDIRECT] Debug : prepare data for SPI
2020-06-06 13:56:09,534 [INFO] LogOutputStream:76 - [STDOUT_REDIRECT] Command line test
2020-06-06 13:56:09,549 [INFO] LogOutputStream:76 - [STDOUT_REDIRECT] Command line
2020-06-06 13:56:09,549 [INFO] LogOutputStream:76 - [STDOUT_REDIRECT] Debug : prepare data for TIM
2020-06-06 13:56:09,549 [INFO] LogOutputStream:76 - [STDOUT_REDIRECT] Command line test
2020-06-06 13:56:09,549 [INFO] LogOutputStream:76 - [STDOUT_REDIRECT] Command line
2020-06-06 13:56:09,549 [INFO] LogOutputStream:76 - [STDOUT_REDIRECT] Debug : prepare data for USART
2020-06-06 13:56:09,549 [INFO] LogOutputStream:76 - [STDOUT_REDIRECT] Command line test
2020-06-06 13:56:09,549 [INFO] LogOutputStream:76 - [STDOUT_REDIRECT] Command line
2020-06-06 13:56:09,565 [INFO] ApiDbMcu:451 - Load IP Config File for USB_DEVICE
2020-06-06 13:56:09,587 [INFO] Middleware:1103 - No code input for Bsp Dependency
2020-06-06 13:56:09,619 [INFO] CodeEngine:188 - oldGeneratedFile, C:\Users\amirz\Documents\AeroNU\DPF\Avionics\stm32-avionics\H750VBT6-flight-board-v0\H750VBT6-flight-board-v0\USB_DEVICE\App\usb_device.c_save
2020-06-06 13:56:09,730 [INFO] CodeEngine:206 - Generated code: C:\Users\amirz\Documents\AeroNU\DPF\Avionics\stm32-avionics\H750VBT6-flight-board-v0\H750VBT6-flight-board-v0\USB_DEVICE\App\usb_device.c
2020-06-06 13:56:09,758 [INFO] CodeEngine:188 - oldGeneratedFile, C:\Users\amirz\Documents\AeroNU\DPF\Avionics\stm32-avionics\H750VBT6-flight-board-v0\H750VBT6-flight-board-v0\USB_DEVICE\App\usb_device.h_save
2020-06-06 13:56:09,870 [INFO] CodeEngine:206 - Generated code: C:\Users\amirz\Documents\AeroNU\DPF\Avionics\stm32-avionics\H750VBT6-flight-board-v0\H750VBT6-flight-board-v0\USB_DEVICE\App\usb_device.h
2020-06-06 13:56:09,901 [INFO] CodeEngine:188 - oldGeneratedFile, C:\Users\amirz\Documents\AeroNU\DPF\Avionics\stm32-avionics\H750VBT6-flight-board-v0\H750VBT6-flight-board-v0\USB_DEVICE\Target\usbd_conf.h_save
2020-06-06 13:56:09,991 [INFO] CodeEngine:206 - Generated code: C:\Users\amirz\Documents\AeroNU\DPF\Avionics\stm32-avionics\H750VBT6-flight-board-v0\H750VBT6-flight-board-v0\USB_DEVICE\Target\usbd_conf.h
2020-06-06 13:56:10,031 [INFO] CodeEngine:188 - oldGeneratedFile, C:\Users\amirz\Documents\AeroNU\DPF\Avionics\stm32-avionics\H750VBT6-flight-board-v0\H750VBT6-flight-board-v0\USB_DEVICE\Target\usbd_conf.c_save
2020-06-06 13:56:10,122 [INFO] CodeEngine:206 - Generated code: C:\Users\amirz\Documents\AeroNU\DPF\Avionics\stm32-avionics\H750VBT6-flight-board-v0\H750VBT6-flight-board-v0\USB_DEVICE\Target\usbd_conf.c
2020-06-06 13:56:10,152 [INFO] CodeEngine:188 - oldGeneratedFile, C:\Users\amirz\Documents\AeroNU\DPF\Avionics\stm32-avionics\H750VBT6-flight-board-v0\H750VBT6-flight-board-v0\USB_DEVICE\App\usbd_desc.h_save
2020-06-06 13:56:10,222 [INFO] CodeEngine:206 - Generated code: C:\Users\amirz\Documents\AeroNU\DPF\Avionics\stm32-avionics\H750VBT6-flight-board-v0\H750VBT6-flight-board-v0\USB_DEVICE\App\usbd_desc.h
2020-06-06 13:56:10,250 [INFO] CodeEngine:188 - oldGeneratedFile, C:\Users\amirz\Documents\AeroNU\DPF\Avionics\stm32-avionics\H750VBT6-flight-board-v0\H750VBT6-flight-board-v0\USB_DEVICE\App\usbd_desc.c_save
2020-06-06 13:56:10,338 [INFO] CodeEngine:206 - Generated code: C:\Users\amirz\Documents\AeroNU\DPF\Avionics\stm32-avionics\H750VBT6-flight-board-v0\H750VBT6-flight-board-v0\USB_DEVICE\App\usbd_desc.c
2020-06-06 13:56:10,360 [INFO] CodeEngine:188 - oldGeneratedFile, C:\Users\amirz\Documents\AeroNU\DPF\Avionics\stm32-avionics\H750VBT6-flight-board-v0\H750VBT6-flight-board-v0\USB_DEVICE\App\usbd_cdc_if.h_save
2020-06-06 13:56:10,439 [INFO] CodeEngine:206 - Generated code: C:\Users\amirz\Documents\AeroNU\DPF\Avionics\stm32-avionics\H750VBT6-flight-board-v0\H750VBT6-flight-board-v0\USB_DEVICE\App\usbd_cdc_if.h
2020-06-06 13:56:10,473 [INFO] CodeEngine:188 - oldGeneratedFile, C:\Users\amirz\Documents\AeroNU\DPF\Avionics\stm32-avionics\H750VBT6-flight-board-v0\H750VBT6-flight-board-v0\USB_DEVICE\App\usbd_cdc_if.c_save
2020-06-06 13:56:10,541 [INFO] CodeEngine:206 - Generated code: C:\Users\amirz\Documents\AeroNU\DPF\Avionics\stm32-avionics\H750VBT6-flight-board-v0\H750VBT6-flight-board-v0\USB_DEVICE\App\usbd_cdc_if.c
2020-06-06 13:56:10,541 [INFO] LogOutputStream:76 - [STDOUT_REDIRECT] Debug : prepare data for NVIC
2020-06-06 13:56:10,541 [INFO] LogOutputStream:76 - [STDOUT_REDIRECT] Command line test
2020-06-06 13:56:10,572 [INFO] CodeEngine:188 - oldGeneratedFile, C:\Users\amirz\Documents\AeroNU\DPF\Avionics\stm32-avionics\H750VBT6-flight-board-v0\H750VBT6-flight-board-v0\Core\Src\stm32h7xx_it.c_save
2020-06-06 13:56:10,673 [INFO] CodeEngine:206 - Generated code: C:\Users\amirz\Documents\AeroNU\DPF\Avionics\stm32-avionics\H750VBT6-flight-board-v0\H750VBT6-flight-board-v0\Core\Src\stm32h7xx_it.c
2020-06-06 13:56:10,704 [INFO] CodeEngine:188 - oldGeneratedFile, C:\Users\amirz\Documents\AeroNU\DPF\Avionics\stm32-avionics\H750VBT6-flight-board-v0\H750VBT6-flight-board-v0\Core\Inc\stm32h7xx_it.h_save
2020-06-06 13:56:10,757 [INFO] CodeEngine:206 - Generated code: C:\Users\amirz\Documents\AeroNU\DPF\Avionics\stm32-avionics\H750VBT6-flight-board-v0\H750VBT6-flight-board-v0\Core\Inc\stm32h7xx_it.h
2020-06-06 13:56:10,958 [INFO] CodeEngine:188 - oldGeneratedFile, C:\Users\amirz\Documents\AeroNU\DPF\Avionics\stm32-avionics\H750VBT6-flight-board-v0\H750VBT6-flight-board-v0\Core\Src\stm32h7xx_hal_msp.c_save
2020-06-06 13:56:11,089 [INFO] CodeEngine:206 - Generated code: C:\Users\amirz\Documents\AeroNU\DPF\Avionics\stm32-avionics\H750VBT6-flight-board-v0\H750VBT6-flight-board-v0\Core\Src\stm32h7xx_hal_msp.c
2020-06-06 13:56:11,105 [INFO] CodeEngine:188 - oldGeneratedFile, C:\Users\amirz\Documents\AeroNU\DPF\Avionics\stm32-avionics\H750VBT6-flight-board-v0\H750VBT6-flight-board-v0\MXTmpFiles\system.tmp_save
2020-06-06 13:56:11,174 [INFO] CodeEngine:206 - Generated code: C:\Users\amirz\Documents\AeroNU\DPF\Avionics\stm32-avionics\H750VBT6-flight-board-v0\H750VBT6-flight-board-v0\MXTmpFiles\system.tmp
2020-06-06 13:56:11,190 [INFO] CodeEngine:188 - oldGeneratedFile, C:\Users\amirz\Documents\AeroNU\DPF\Avionics\stm32-avionics\H750VBT6-flight-board-v0\H750VBT6-flight-board-v0\Core\Inc\stm32h7xx_hal_conf.h_save
2020-06-06 13:56:11,274 [INFO] CodeEngine:206 - Generated code: C:\Users\amirz\Documents\AeroNU\DPF\Avionics\stm32-avionics\H750VBT6-flight-board-v0\H750VBT6-flight-board-v0\Core\Inc\stm32h7xx_hal_conf.h
2020-06-06 13:56:11,321 [WARN] IPConfigManager:2701 - IP not found : TIM
2020-06-06 13:56:11,321 [WARN] IPConfigManager:2701 - IP not found : gpio
2020-06-06 13:56:11,321 [WARN] CodeGenerator:2649 - IP not found : TIM
2020-06-06 13:56:11,321 [WARN] CodeGenerator:2649 - IP not found : gpio
2020-06-06 13:56:11,359 [INFO] CodeEngine:188 - oldGeneratedFile, C:\Users\amirz\Documents\AeroNU\DPF\Avionics\stm32-avionics\H750VBT6-flight-board-v0\H750VBT6-flight-board-v0\Core\Inc\main.h_save
2020-06-06 13:56:11,443 [INFO] CodeEngine:206 - Generated code: C:\Users\amirz\Documents\AeroNU\DPF\Avionics\stm32-avionics\H750VBT6-flight-board-v0\H750VBT6-flight-board-v0\Core\Inc\main.h
2020-06-06 13:56:11,459 [INFO] CodeEngine:188 - oldGeneratedFile, C:\Users\amirz\Documents\AeroNU\DPF\Avionics\stm32-avionics\H750VBT6-flight-board-v0\H750VBT6-flight-board-v0\Core\Src\main.c_save
2020-06-06 13:56:11,646 [INFO] CodeEngine:206 - Generated code: C:\Users\amirz\Documents\AeroNU\DPF\Avionics\stm32-avionics\H750VBT6-flight-board-v0\H750VBT6-flight-board-v0\Core\Src\main.c
2020-06-06 13:56:12,536 [INFO] ProjectBuilder:2002 - Time for Copy HAL[1] : 375mS.
2020-06-06 13:56:12,552 [INFO] ProjectBuilder:2727 - Project Generator version: 3.7.1
2020-06-06 13:56:12,946 [INFO] ConfigFileManager:1066 - The Die is : DIE450
2020-06-06 13:56:18,026 [INFO] ProjectBuilder:2894 - Time for Generating toolchain IDE Files: 5474mS.
2020-06-06 13:56:18,026 [INFO] ProjectBuilder:1878 - Time for Copy CMSIS : 0mS.
2020-06-06 13:56:18,035 [INFO] ProjectBuilder:1878 - Time for Copy CMSIS : 1mS.
